<?xml version="1.0" encoding="utf-8"?><testsuites name="pytest tests"><testsuite name="pytest" errors="0" failures="0" skipped="0" tests="28" time="5.872" timestamp="2026-05-25T12:20:06.552855+00:00" hostname="agent-env-6e439a5a-9a4c-4728-ae4c-f34b2e05ef1d"><testcase classname="backend.tests.backend_test.TestHealth" name="test_root" time="0.714" /><testcase classname="backend.tests.backend_test.TestAuth" name="test_login_success_sets_cookies" time="0.419" /><testcase classname="backend.tests.backend_test.TestAuth" name="test_login_invalid_password" time="0.292" /><testcase classname="backend.tests.backend_test.TestAuth" name="test_login_invalid_email" time="0.067" /><testcase classname="backend.tests.backend_test.TestAuth" name="test_me_authenticated" time="0.426" /><testcase classname="backend.tests.backend_test.TestAuth" name="test_me_unauthenticated" time="0.120" /><testcase classname="backend.tests.backend_test.TestAuth" name="test_logout_clears_cookies" time="0.548" /><testcase classname="backend.tests.backend_test.TestPublicBlog" name="test_list_blog_posts" time="0.066" /><testcase classname="backend.tests.backend_test.TestPublicBlog" name="test_list_categories" time="0.067" /><testcase classname="backend.tests.backend_test.TestPublicBlog" name="test_get_blog_by_valid_slug" time="0.147" /><testcase classname="backend.tests.backend_test.TestPublicBlog" name="test_get_blog_by_invalid_slug" time="0.076" /><testcase classname="backend.tests.backend_test.TestPublicBlog" name="test_filter_blog_by_category" time="0.137" /><testcase classname="backend.tests.backend_test.TestAdminBlog" name="test_create_post_requires_auth" time="0.223" /><testcase classname="backend.tests.backend_test.TestAdminBlog" name="test_update_post_requires_auth" time="0.205" /><testcase classname="backend.tests.backend_test.TestAdminBlog" name="test_delete_post_requires_auth" time="0.199" /><testcase classname="backend.tests.backend_test.TestAdminBlog" name="test_create_update_delete_flow" time="0.430" /><testcase classname="backend.tests.backend_test.TestAdminBlog" name="test_update_invalid_id" time="0.069" /><testcase classname="backend.tests.backend_test.TestAdminBlog" name="test_update_nonexistent" time="0.067" /><testcase classname="backend.tests.backend_test.TestAdminBlog" name="test_delete_nonexistent" time="0.072" /><testcase classname="backend.tests.backend_test.TestContact" name="test_submit_contact_success" time="0.075" /><testcase classname="backend.tests.backend_test.TestContact" name="test_submit_contact_validation_error" time="0.067" /><testcase classname="backend.tests.backend_test.TestContact" name="test_submit_contact_invalid_email" time="0.085" /><testcase classname="backend.tests.backend_test.TestAdminContacts" name="test_list_contacts_requires_auth" time="0.118" /><testcase classname="backend.tests.backend_test.TestAdminContacts" name="test_delete_contact_requires_auth" time="0.217" /><testcase classname="backend.tests.backend_test.TestAdminContacts" name="test_list_and_delete_contact_flow" time="0.271" /><testcase classname="backend.tests.backend_test.TestAdminContacts" name="test_delete_contact_invalid_id" time="0.071" /><testcase classname="backend.tests.backend_test.TestAdminContacts" name="test_delete_contact_nonexistent" time="0.076" /><testcase classname="backend.tests.backend_test.TestSecuritySanity" name="test_admin_password_bcrypt_works" time="0.350" /></testsuite></testsuites>