<?xml version="1.0" encoding="utf-8"?><testsuites name="pytest tests"><testsuite name="pytest" errors="0" failures="0" skipped="0" tests="38" time="5.789" timestamp="2026-05-25T13:12:37.330941+00:00" hostname="agent-env-6e439a5a-9a4c-4728-ae4c-f34b2e05ef1d"><testcase classname="backend.tests.backend_test.TestHealth" name="test_root" time="0.153" /><testcase classname="backend.tests.backend_test.TestAuth" name="test_login_success_sets_cookies" time="0.332" /><testcase classname="backend.tests.backend_test.TestAuth" name="test_login_invalid_password" time="0.272" /><testcase classname="backend.tests.backend_test.TestAuth" name="test_login_invalid_email" time="0.051" /><testcase classname="backend.tests.backend_test.TestAuth" name="test_me_authenticated" time="0.395" /><testcase classname="backend.tests.backend_test.TestAuth" name="test_me_unauthenticated" time="0.109" /><testcase classname="backend.tests.backend_test.TestAuth" name="test_logout_clears_cookies" time="0.421" /><testcase classname="backend.tests.backend_test.TestPublicBlog" name="test_list_blog_posts" time="0.053" /><testcase classname="backend.tests.backend_test.TestPublicBlog" name="test_list_categories" time="0.049" /><testcase classname="backend.tests.backend_test.TestPublicBlog" name="test_get_blog_by_valid_slug" time="0.098" /><testcase classname="backend.tests.backend_test.TestPublicBlog" name="test_get_blog_by_invalid_slug" time="0.049" /><testcase classname="backend.tests.backend_test.TestPublicBlog" name="test_filter_blog_by_category" time="0.096" /><testcase classname="backend.tests.backend_test.TestAdminBlog" name="test_create_post_requires_auth" time="0.099" /><testcase classname="backend.tests.backend_test.TestAdminBlog" name="test_update_post_requires_auth" time="0.107" /><testcase classname="backend.tests.backend_test.TestAdminBlog" name="test_delete_post_requires_auth" time="0.124" /><testcase classname="backend.tests.backend_test.TestAdminBlog" name="test_create_update_delete_flow" time="0.322" /><testcase classname="backend.tests.backend_test.TestAdminBlog" name="test_update_invalid_id" time="0.052" /><testcase classname="backend.tests.backend_test.TestAdminBlog" name="test_update_nonexistent" time="0.056" /><testcase classname="backend.tests.backend_test.TestAdminBlog" name="test_delete_nonexistent" time="0.060" /><testcase classname="backend.tests.backend_test.TestContact" name="test_submit_contact_success" time="0.050" /><testcase classname="backend.tests.backend_test.TestContact" name="test_submit_contact_validation_error" time="0.046" /><testcase classname="backend.tests.backend_test.TestContact" name="test_submit_contact_invalid_email" time="0.048" /><testcase classname="backend.tests.backend_test.TestAdminContacts" name="test_list_contacts_requires_auth" time="0.100" /><testcase classname="backend.tests.backend_test.TestAdminContacts" name="test_delete_contact_requires_auth" time="0.101" /><testcase classname="backend.tests.backend_test.TestAdminContacts" name="test_list_and_delete_contact_flow" time="0.207" /><testcase classname="backend.tests.backend_test.TestAdminContacts" name="test_delete_contact_invalid_id" time="0.053" /><testcase classname="backend.tests.backend_test.TestAdminContacts" name="test_delete_contact_nonexistent" time="0.061" /><testcase classname="backend.tests.backend_test.TestSecuritySanity" name="test_admin_password_bcrypt_works" time="0.337" /><testcase classname="backend.tests.backend_test.TestImageUpload" name="test_upload_requires_auth" time="0.105" /><testcase classname="backend.tests.backend_test.TestImageUpload" name="test_upload_png_authed" time="0.101" /><testcase classname="backend.tests.backend_test.TestImageUpload" name="test_upload_jpg_authed" time="0.191" /><testcase classname="backend.tests.backend_test.TestImageUpload" name="test_upload_webp_authed" time="0.120" /><testcase classname="backend.tests.backend_test.TestImageUpload" name="test_upload_gif_authed" time="0.109" /><testcase classname="backend.tests.backend_test.TestImageUpload" name="test_upload_rejects_non_image" time="0.099" /><testcase classname="backend.tests.backend_test.TestImageUpload" name="test_upload_rejects_pdf" time="0.105" /><testcase classname="backend.tests.backend_test.TestImageUpload" name="test_upload_rejects_oversize" time="0.641" /><testcase classname="backend.tests.backend_test.TestImageUpload" name="test_uploaded_image_served_via_static_mount" time="0.229" /><testcase classname="backend.tests.backend_test.TestImageUpload" name="test_uploaded_image_404_for_missing" time="0.107" /></testsuite></testsuites>